Connecting to database specified by database.yml


Started GET "/users" for 127.0.0.1 at 2013-03-16 23:21:47 +0000
Processing by UsersController#index as HTML
  [1m[36mUser Load (0.1ms)[0m  [1mSELECT "users".* FROM "users" [0m
  Rendered users/index.html.erb within layouts/application (1.4ms)
Completed 200 OK in 24ms (Views: 11.8ms | ActiveRecord: 1.0ms)


Started GET "/assets/application.css?body=1" for 127.0.0.1 at 2013-03-16 23:21:47 +0000
Served asset /application.css - 304 Not Modified (4ms)


Started GET "/assets/application.js?body=1" for 127.0.0.1 at 2013-03-16 23:21:47 +0000
Served asset /application.js - 304 Not Modified (27ms)


Started GET "/microposts/" for 127.0.0.1 at 2013-03-16 23:21:53 +0000

ActionController::RoutingError (No route matches [GET] "/microposts"):
  actionpack (3.2.3) lib/action_dispatch/middleware/debug_exceptions.rb:21:in `call'
  actionpack (3.2.3) lib/action_dispatch/middleware/show_exceptions.rb:56:in `call'
  railties (3.2.3) lib/rails/rack/logger.rb:26:in `call_app'
  railties (3.2.3) lib/rails/rack/logger.rb:16:in `call'
  actionpack (3.2.3) lib/action_dispatch/middleware/request_id.rb:22:in `call'
  rack (1.4.5) lib/rack/methodoverride.rb:21:in `call'
  rack (1.4.5) lib/rack/runtime.rb:17:in `call'
  activesupport (3.2.3) lib/active_support/cache/strategy/local_cache.rb:72:in `call'
  rack (1.4.5) lib/rack/lock.rb:15:in `call'
  actionpack (3.2.3) lib/action_dispatch/middleware/static.rb:62:in `call'
  railties (3.2.3) lib/rails/engine.rb:479:in `call'
  railties (3.2.3) lib/rails/application.rb:220:in `call'
  rack (1.4.5) lib/rack/content_length.rb:14:in `call'
  railties (3.2.3) lib/rails/rack/log_tailer.rb:14:in `call'
  rack (1.4.5) lib/rack/handler/webrick.rb:59:in `service'
  /home/martin/.rvm/rubies/ruby-2.0.0-p0/lib/ruby/2.0.0/webrick/httpserver.rb:138:in `service'
  /home/martin/.rvm/rubies/ruby-2.0.0-p0/lib/ruby/2.0.0/webrick/httpserver.rb:94:in `run'
  /home/martin/.rvm/rubies/ruby-2.0.0-p0/lib/ruby/2.0.0/webrick/server.rb:295:in `block in start_thread'


  Rendered /home/martin/.rvm/gems/ruby-2.0.0-p0/gems/actionpack-3.2.3/lib/action_dispatch/middleware/templates/rescues/routing_error.erb within rescues/layout (0.7ms)
  [1m[36m (0.1ms)[0m  [1mSELECT "schema_migrations"."version" FROM "schema_migrations" [0m
Migrating to CreateUsers (20130316232305)
  [1m[35m (0.0ms)[0m  select sqlite_version(*)
  [1m[36m (0.0ms)[0m  [1mbegin transaction[0m
  [1m[35m (0.1ms)[0m  CREATE TABLE "users" ("id" INTEGER PRIMARY KEY AUTOINCREMENT NOT NULL, "name" varchar(255), "email" varchar(255), "created_at" datetime NOT NULL, "updated_at" datetime NOT NULL) 
SQLite3::SQLException: table "users" already exists: CREATE TABLE "users" ("id" INTEGER PRIMARY KEY AUTOINCREMENT NOT NULL, "name" varchar(255), "email" varchar(255), "created_at" datetime NOT NULL, "updated_at" datetime NOT NULL) 
  [1m[36m (0.1ms)[0m  [1mrollback transaction[0m
  [1m[36m (0.1ms)[0m  [1mselect sqlite_version(*)[0m
  [1m[35m (171.4ms)[0m  CREATE TABLE "schema_migrations" ("version" varchar(255) NOT NULL) 
  [1m[36m (0.1ms)[0m  [1mPRAGMA index_list("schema_migrations")[0m
  [1m[35m (154.6ms)[0m  CREATE UNIQUE INDEX "unique_schema_migrations" ON "schema_migrations" ("version")
  [1m[36m (0.1ms)[0m  [1mSELECT "schema_migrations"."version" FROM "schema_migrations" [0m
Migrating to CreateUsers (20130316232305)
  [1m[35m (0.1ms)[0m  begin transaction
  [1m[36m (0.6ms)[0m  [1mCREATE TABLE "users" ("id" INTEGER PRIMARY KEY AUTOINCREMENT NOT NULL, "name" varchar(255), "email" varchar(255), "created_at" datetime NOT NULL, "updated_at" datetime NOT NULL) [0m
  [1m[35m (0.1ms)[0m  INSERT INTO "schema_migrations" ("version") VALUES ('20130316232305')
  [1m[36m (171.7ms)[0m  [1mcommit transaction[0m
Migrating to CreateMicroposts (20130316232453)
  [1m[35m (0.1ms)[0m  begin transaction
  [1m[36m (0.5ms)[0m  [1mCREATE TABLE "microposts" ("id" INTEGER PRIMARY KEY AUTOINCREMENT NOT NULL, "content" varchar(255), "user_id" integer, "created_at" datetime NOT NULL, "updated_at" datetime NOT NULL) [0m
  [1m[35m (0.1ms)[0m  INSERT INTO "schema_migrations" ("version") VALUES ('20130316232453')
  [1m[36m (162.6ms)[0m  [1mcommit transaction[0m
  [1m[35m (0.4ms)[0m  select sqlite_version(*)
  [1m[36m (0.1ms)[0m  [1mSELECT "schema_migrations"."version" FROM "schema_migrations" [0m
  [1m[35m (0.0ms)[0m  PRAGMA index_list("microposts")
  [1m[36m (0.1ms)[0m  [1mPRAGMA index_list("users")[0m


Started GET "/microposts/" for 127.0.0.1 at 2013-03-16 23:26:13 +0000
Processing by MicropostsController#index as HTML
  [1m[36mMicropost Load (0.1ms)[0m  [1mSELECT "microposts".* FROM "microposts" [0m
  Rendered microposts/index.html.erb within layouts/application (1.5ms)
Completed 200 OK in 24ms (Views: 11.7ms | ActiveRecord: 1.0ms)


Started GET "/assets/application.css?body=1" for 127.0.0.1 at 2013-03-16 23:26:13 +0000
Served asset /application.css - 304 Not Modified (26ms)


Started GET "/assets/application.js?body=1" for 127.0.0.1 at 2013-03-16 23:26:14 +0000
Served asset /application.js - 304 Not Modified (2ms)


Started GET "/users" for 127.0.0.1 at 2013-03-16 23:26:18 +0000
Processing by UsersController#index as HTML
  [1m[35mUser Load (0.1ms)[0m  SELECT "users".* FROM "users" 
  Rendered users/index.html.erb within layouts/application (1.4ms)
Completed 200 OK in 10ms (Views: 6.6ms | ActiveRecord: 0.5ms)


Started GET "/assets/application.css?body=1" for 127.0.0.1 at 2013-03-16 23:26:18 +0000
Served asset /application.css - 304 Not Modified (0ms)


Started GET "/assets/application.js?body=1" for 127.0.0.1 at 2013-03-16 23:26:18 +0000
Served asset /application.js - 304 Not Modified (0ms)


Started GET "/users/new" for 127.0.0.1 at 2013-03-16 23:26:20 +0000
Processing by UsersController#new as HTML
  Rendered users/_form.html.erb (6.6ms)
  Rendered users/new.html.erb within layouts/application (9.0ms)
Completed 200 OK in 17ms (Views: 11.9ms | ActiveRecord: 0.0ms)


Started GET "/assets/application.css?body=1" for 127.0.0.1 at 2013-03-16 23:26:20 +0000
Served asset /application.css - 304 Not Modified (0ms)


Started GET "/assets/application.js?body=1" for 127.0.0.1 at 2013-03-16 23:26:20 +0000
Served asset /application.js - 304 Not Modified (0ms)


Started POST "/users" for 127.0.0.1 at 2013-03-16 23:29:08 +0000
Processing by UsersController#create as HTML
  Parameters: {"utf8"=>"✓", "authenticity_token"=>"oVUD8hFEg2ex4pS6+VoQn1ziwnt0D1YIVJs4zEYQVDs=", "user"=>{"name"=>"martin", "email"=>"me@me.nl"}, "commit"=>"Create User"}
  [1m[36m (0.1ms)[0m  [1mbegin transaction[0m
  [1m[35mSQL (2.7ms)[0m  INSERT INTO "users" ("created_at", "email", "name", "updated_at") VALUES (?, ?, ?, ?)  [["created_at", Sat, 16 Mar 2013 23:29:09 UTC +00:00], ["email", "me@me.nl"], ["name", "martin"], ["updated_at", Sat, 16 Mar 2013 23:29:09 UTC +00:00]]
  [1m[36m (147.7ms)[0m  [1mcommit transaction[0m
Redirected to http://127.0.0.1:3000/users/1
Completed 302 Found in 173ms (ActiveRecord: 151.3ms)


Started GET "/users/1" for 127.0.0.1 at 2013-03-16 23:29:09 +0000
Processing by UsersController#show as HTML
  Parameters: {"id"=>"1"}
  [1m[35mUser Load (0.4ms)[0m  SELECT "users".* FROM "users" WHERE "users"."id" = ? LIMIT 1  [["id", "1"]]
  Rendered users/show.html.erb within layouts/application (1.7ms)
Completed 200 OK in 41ms (Views: 37.1ms | ActiveRecord: 0.4ms)


Started GET "/assets/application.css?body=1" for 127.0.0.1 at 2013-03-16 23:29:09 +0000
Served asset /application.css - 304 Not Modified (5ms)


Started GET "/assets/application.js?body=1" for 127.0.0.1 at 2013-03-16 23:29:09 +0000
Served asset /application.js - 304 Not Modified (1ms)


Started GET "/microposts/" for 127.0.0.1 at 2013-03-16 23:29:21 +0000
Processing by MicropostsController#index as HTML
  [1m[36mMicropost Load (0.1ms)[0m  [1mSELECT "microposts".* FROM "microposts" [0m
  Rendered microposts/index.html.erb within layouts/application (1.1ms)
Completed 200 OK in 8ms (Views: 5.0ms | ActiveRecord: 0.5ms)


Started GET "/assets/application.css?body=1" for 127.0.0.1 at 2013-03-16 23:29:21 +0000
Served asset /application.css - 304 Not Modified (0ms)


Started GET "/assets/application.js?body=1" for 127.0.0.1 at 2013-03-16 23:29:21 +0000
Served asset /application.js - 304 Not Modified (0ms)


Started GET "/microposts/new" for 127.0.0.1 at 2013-03-16 23:29:23 +0000
Processing by MicropostsController#new as HTML
  Rendered microposts/_form.html.erb (6.7ms)
  Rendered microposts/new.html.erb within layouts/application (9.1ms)
Completed 200 OK in 20ms (Views: 12.0ms | ActiveRecord: 0.0ms)


Started GET "/assets/application.css?body=1" for 127.0.0.1 at 2013-03-16 23:29:23 +0000
Served asset /application.css - 304 Not Modified (0ms)


Started GET "/assets/application.js?body=1" for 127.0.0.1 at 2013-03-16 23:29:23 +0000
Served asset /application.js - 304 Not Modified (0ms)


Started POST "/microposts" for 127.0.0.1 at 2013-03-16 23:29:29 +0000
Processing by MicropostsController#create as HTML
  Parameters: {"utf8"=>"✓", "authenticity_token"=>"oVUD8hFEg2ex4pS6+VoQn1ziwnt0D1YIVJs4zEYQVDs=", "micropost"=>{"content"=>"firstpost", "user_id"=>"1"}, "commit"=>"Create Micropost"}
  [1m[35m (0.1ms)[0m  begin transaction
  [1m[36mSQL (0.6ms)[0m  [1mINSERT INTO "microposts" ("content", "created_at", "updated_at", "user_id") VALUES (?, ?, ?, ?)[0m  [["content", "firstpost"], ["created_at", Sat, 16 Mar 2013 23:29:29 UTC +00:00], ["updated_at", Sat, 16 Mar 2013 23:29:29 UTC +00:00], ["user_id", 1]]
  [1m[35m (158.8ms)[0m  commit transaction
Redirected to http://127.0.0.1:3000/microposts/1
Completed 302 Found in 167ms (ActiveRecord: 159.4ms)


Started GET "/microposts/1" for 127.0.0.1 at 2013-03-16 23:29:29 +0000
Processing by MicropostsController#show as HTML
  Parameters: {"id"=>"1"}
  [1m[36mMicropost Load (0.2ms)[0m  [1mSELECT "microposts".* FROM "microposts" WHERE "microposts"."id" = ? LIMIT 1[0m  [["id", "1"]]
  Rendered microposts/show.html.erb within layouts/application (1.2ms)
Completed 200 OK in 6ms (Views: 3.9ms | ActiveRecord: 0.2ms)


Started GET "/assets/application.css?body=1" for 127.0.0.1 at 2013-03-16 23:29:29 +0000
Served asset /application.css - 304 Not Modified (0ms)


Started GET "/assets/application.js?body=1" for 127.0.0.1 at 2013-03-16 23:29:29 +0000
Served asset /application.js - 304 Not Modified (0ms)


Started GET "/microposts" for 127.0.0.1 at 2013-03-16 23:29:31 +0000
Processing by MicropostsController#index as HTML
  [1m[35mMicropost Load (0.3ms)[0m  SELECT "microposts".* FROM "microposts" 
  Rendered microposts/index.html.erb within layouts/application (1.9ms)
Completed 200 OK in 8ms (Views: 6.4ms | ActiveRecord: 0.3ms)


Started GET "/assets/application.css?body=1" for 127.0.0.1 at 2013-03-16 23:29:32 +0000
Served asset /application.css - 304 Not Modified (0ms)


Started GET "/assets/application.js?body=1" for 127.0.0.1 at 2013-03-16 23:29:32 +0000
Served asset /application.js - 304 Not Modified (0ms)


Started GET "/microposts/new" for 127.0.0.1 at 2013-03-16 23:29:33 +0000
Processing by MicropostsController#new as HTML
  Rendered microposts/_form.html.erb (4.0ms)
  Rendered microposts/new.html.erb within layouts/application (5.1ms)
Completed 200 OK in 9ms (Views: 8.8ms | ActiveRecord: 0.0ms)


Started GET "/assets/application.css?body=1" for 127.0.0.1 at 2013-03-16 23:29:33 +0000
Served asset /application.css - 304 Not Modified (0ms)


Started GET "/assets/application.js?body=1" for 127.0.0.1 at 2013-03-16 23:29:33 +0000
Served asset /application.js - 304 Not Modified (0ms)


Started POST "/microposts" for 127.0.0.1 at 2013-03-16 23:29:40 +0000
Processing by MicropostsController#create as HTML
  Parameters: {"utf8"=>"✓", "authenticity_token"=>"oVUD8hFEg2ex4pS6+VoQn1ziwnt0D1YIVJs4zEYQVDs=", "micropost"=>{"content"=>"secondpost", "user_id"=>"1"}, "commit"=>"Create Micropost"}
  [1m[36m (0.1ms)[0m  [1mbegin transaction[0m
  [1m[35mSQL (0.4ms)[0m  INSERT INTO "microposts" ("content", "created_at", "updated_at", "user_id") VALUES (?, ?, ?, ?)  [["content", "secondpost"], ["created_at", Sat, 16 Mar 2013 23:29:40 UTC +00:00], ["updated_at", Sat, 16 Mar 2013 23:29:40 UTC +00:00], ["user_id", 1]]
  [1m[36m (163.0ms)[0m  [1mcommit transaction[0m
Redirected to http://127.0.0.1:3000/microposts/2
Completed 302 Found in 167ms (ActiveRecord: 163.4ms)


Started GET "/microposts/2" for 127.0.0.1 at 2013-03-16 23:29:40 +0000
Processing by MicropostsController#show as HTML
  Parameters: {"id"=>"2"}
  [1m[35mMicropost Load (0.1ms)[0m  SELECT "microposts".* FROM "microposts" WHERE "microposts"."id" = ? LIMIT 1  [["id", "2"]]
  Rendered microposts/show.html.erb within layouts/application (1.0ms)
Completed 200 OK in 5ms (Views: 4.4ms | ActiveRecord: 0.1ms)


Started GET "/assets/application.js?body=1" for 127.0.0.1 at 2013-03-16 23:29:40 +0000
Served asset /application.js - 304 Not Modified (0ms)


Started GET "/assets/application.css?body=1" for 127.0.0.1 at 2013-03-16 23:29:40 +0000
Served asset /application.css - 304 Not Modified (0ms)
